<?xml version="1.0" encoding="UTF-8"?>
<testng-results ignored="0" total="1" passed="1" failed="0" skipped="0">
  <reporter-output>
  </reporter-output>
  <suite started-at="2023-10-04T20:20:05 BDT" name="Default suite" finished-at="2023-10-04T20:20:09 BDT" duration-ms="3634">
    <groups>
    </groups>
    <test started-at="2023-10-04T20:20:05 BDT" name="Default test" finished-at="2023-10-04T20:20:09 BDT" duration-ms="3634">
      <class name="test.Testing">
        <test-method is-config="true" signature="setup()[pri:0, instance:test.Testing@368f2016]" started-at="2023-10-04T20:20:05 BDT" name="setup" finished-at="2023-10-04T20:20:07 BDT" duration-ms="1967" status="PASS">
          <reporter-output>
          </reporter-output>
        </test-method> <!-- setup -->
        <test-method signature="Test()[pri:0, instance:test.Testing@368f2016]" started-at="2023-10-04T20:20:07 BDT" name="Test" finished-at="2023-10-04T20:20:08 BDT" duration-ms="1450" status="PASS">
          <reporter-output>
          </reporter-output>
        </test-method> <!-- Test -->
        <test-method is-config="true" signature="teadDown()[pri:0, instance:test.Testing@368f2016]" started-at="2023-10-04T20:20:09 BDT" name="teadDown" finished-at="2023-10-04T20:20:09 BDT" duration-ms="179" status="PASS">
          <reporter-output>
          </reporter-output>
        </test-method> <!-- teadDown -->
      </class> <!-- test.Testing -->
    </test> <!-- Default test -->
  </suite> <!-- Default suite -->
</testng-results>
