<?xml version="1.0" encoding="UTF-8"?>
<testng-results ignored="0" total="1" passed="1" failed="0" skipped="0">
  <reporter-output>
  </reporter-output>
  <suite started-at="2023-10-04T20:49:09 BDT" name="Default suite" finished-at="2023-10-04T20:49:12 BDT" duration-ms="2992">
    <groups>
    </groups>
    <test started-at="2023-10-04T20:49:09 BDT" name="Default test" finished-at="2023-10-04T20:49:12 BDT" duration-ms="2992">
      <class name="test.Testing">
        <test-method is-config="true" signature="setup()[pri:0, instance:test.Testing@368f2016]" started-at="2023-10-04T20:49:09 BDT" name="setup" finished-at="2023-10-04T20:49:11 BDT" duration-ms="1945" status="PASS">
          <reporter-output>
          </reporter-output>
        </test-method> <!-- setup -->
        <test-method signature="Test()[pri:0, instance:test.Testing@368f2016]" started-at="2023-10-04T20:49:11 BDT" name="Test" finished-at="2023-10-04T20:49:12 BDT" duration-ms="813" status="PASS">
          <reporter-output>
          </reporter-output>
        </test-method> <!-- Test -->
        <test-method is-config="true" signature="tearDown()[pri:0, instance:test.Testing@368f2016]" started-at="2023-10-04T20:49:12 BDT" name="tearDown" finished-at="2023-10-04T20:49:12 BDT" duration-ms="191" status="PASS">
          <reporter-output>
          </reporter-output>
        </test-method> <!-- tearDown -->
      </class> <!-- test.Testing -->
    </test> <!-- Default test -->
  </suite> <!-- Default suite -->
</testng-results>
